Error receiving message: WebSocket protocol error: Connection reset without closing handshake
Error sending ping: AlreadyClosed
Error receiving message: WebSocket protocol error: Connection reset without closing handshake
Error sending ping: AlreadyClosed
Error receiving message: WebSocket protocol error: Connection reset without closing handshake
Error sending ping: AlreadyClosed
Error receiving message: WebSocket protocol error: Connection reset without closing handshake
Error sending ping: AlreadyClosed
Error receiving message: WebSocket protocol error: Connection reset without closing handshake
Error sending ping: AlreadyClosed
Error receiving message: WebSocket protocol error: Connection reset without closing handshake
Error sending ping: AlreadyClosed
Error receiving message: WebSocket protocol error: Connection reset without closing handshake
Error sending ping: AlreadyClosed
Error receiving message: WebSocket protocol error: Connection reset without closing handshake
Error sending ping: AlreadyClosed
Error receiving message: WebSocket protocol error: Connection reset without closing handshake
Error sending ping: AlreadyClosed
Error receiving message: WebSocket protocol error: Connection reset without closing handshake
Error sending ping: AlreadyClosed
Error receiving message: WebSocket protocol error: Connection reset without closing handshake
Error sending ping: AlreadyClosed
Error receiving message: WebSocket protocol error: Connection reset without closing handshake
Error sending ping: AlreadyClosed
Error receiving message: WebSocket protocol error: Connection reset without closing handshake
Error sending ping: AlreadyClosed
Error receiving message: WebSocket protocol error: Connection reset without closing handshake
Error sending ping: AlreadyClosed
Error receiving message: WebSocket protocol error: Connection reset without closing handshake
Error sending ping: AlreadyClosed
Error receiving message: WebSocket protocol error: Connection reset without closing handshake
Error sending ping: AlreadyClosed
Error receiving message: WebSocket protocol error: Connection reset without closing handshake
Error sending ping: AlreadyClosed
Error receiving message: WebSocket protocol error: Connection reset without closing handshake
Error sending ping: AlreadyClosed
Error receiving message: WebSocket protocol error: Connection reset without closing handshake
Error sending ping: AlreadyClosed
Error receiving message: WebSocket protocol error: Connection reset without closing handshake
Error sending ping: AlreadyClosed
Error receiving message: WebSocket protocol error: Connection reset without closing handshake
Error sending ping: AlreadyClosed
Error receiving message: WebSocket protocol error: Connection reset without closing handshake
Error sending ping: AlreadyClosed
Error receiving message: WebSocket protocol error: Connection reset without closing handshake
Error sending ping: AlreadyClosed
Error receiving message: WebSocket protocol error: Connection reset without closing handshake
Error sending ping: AlreadyClosed
thread 'tokio-runtime-worker' panicked at /opt/ai_advance_trade_engine/aidynamics-trade/src/websocket/angel_one_websocket.rs:386:62:
Failed to connect: Http(Response { status: 401, version: HTTP/1.1, headers: {"server": "nginx", "date": "Sun, 26 Oct 2025 23:35:03 GMT", "content-type": "text/html;charset=iso-8859-1", "content-length": "522", "connection": "keep-alive", "x-error-message": "Invalid Header - Invalid Feed Token", "cache-control": "must-revalidate,no-cache,no-store", "strict-transport-security": "max-age=31536000; includeSubDomains", "content-security-policy": "default-src 'self';"}, body: Some([60, 104, 116, 109, 108, 62, 10, 60, 104, 101, 97, 100, 62, 10, 60, 109, 101, 116, 97, 32, 104, 116, 116, 112, 45, 101, 113, 117, 105, 118, 61, 34, 67, 111, 110, 116, 101, 110, 116, 45, 84, 121, 112, 101, 34, 32, 99, 111, 110, 116, 101, 110, 116, 61, 34, 116, 101, 120, 116, 47, 104, 116, 109, 108, 59, 99, 104, 97, 114, 115, 101, 116, 61, 73, 83, 79, 45, 56, 56, 53, 57, 45, 49, 34, 47, 62, 10, 60, 116, 105, 116, 108, 101, 62, 69, 114, 114, 111, 114, 32, 52, 48, 49, 32, 83, 101, 114, 118, 101, 114, 32, 69, 114, 114, 111, 114, 60, 47, 116, 105, 116, 108, 101, 62, 10, 60, 47, 104, 101, 97, 100, 62, 10, 60, 98, 111, 100, 121, 62, 60, 104, 50, 62, 72, 84, 84, 80, 32, 69, 82, 82, 79, 82, 32, 52, 48, 49, 32, 83, 101, 114, 118, 101, 114, 32, 69, 114, 114, 111, 114, 60, 47, 104, 50, 62, 10, 60, 116, 97, 98, 108, 101, 62, 10, 60, 116, 114, 62, 60, 116, 104, 62, 85, 82, 73, 58, 60, 47, 116, 104, 62, 60, 116, 100, 62, 47, 115, 109, 97, 114, 116, 45, 115, 116, 114, 101, 97, 109, 60, 47, 116, 100, 62, 60, 47, 116, 114, 62, 10, 60, 116, 114, 62, 60, 116, 104, 62, 83, 84, 65, 84, 85, 83, 58, 60, 47, 116, 104, 62, 60, 116, 100, 62, 52, 48, 49, 60, 47, 116, 100, 62, 60, 47, 116, 114, 62, 10, 60, 116, 114, 62, 60, 116, 104, 62, 77, 69, 83, 83, 65, 71, 69, 58, 60, 47, 116, 104, 62, 60, 116, 100, 62, 83, 101, 114, 118, 101, 114, 32, 69, 114, 114, 111, 114, 60, 47, 116, 100, 62, 60, 47, 116, 114, 62, 10, 60, 116, 114, 62, 60, 116, 104, 62, 83, 69, 82, 86, 76, 69, 84, 58, 60, 47, 116, 104, 62, 60, 116, 100, 62, 111, 114, 103, 46, 101, 99, 108, 105, 112, 115, 101, 46, 106, 101, 116, 116, 121, 46, 115, 101, 114, 118, 108, 101, 116, 46, 83, 101, 114, 118, 108, 101, 116, 72, 97, 110, 100, 108, 101, 114, 36, 68, 101, 102, 97, 117, 108, 116, 52, 48, 52, 83, 101, 114, 118, 108, 101, 116, 45, 52, 51, 57, 49, 97, 50, 100, 56, 60, 47, 116, 100, 62, 60, 47, 116, 114, 62, 10, 60, 47, 116, 97, 98, 108, 101, 62, 10, 60, 104, 114, 47, 62, 60, 97, 32, 104, 114, 101, 102, 61, 34, 104, 116, 116, 112, 115, 58, 47, 47, 101, 99, 108, 105, 112, 115, 101, 46, 111, 114, 103, 47, 106, 101, 116, 116, 121, 34, 62, 80, 111, 119, 101, 114, 101, 100, 32, 98, 121, 32, 74, 101, 116, 116, 121, 58, 47, 47, 32, 49, 49, 46, 48, 46, 49, 53, 60, 47, 97, 62, 60, 104, 114, 47, 62, 10, 10, 60, 47, 98, 111, 100, 121, 62, 10, 60, 47, 104, 116, 109, 108, 62, 10]) })
note: run with `RUST_BACKTRACE=1` environment variable to display a backtrace
